[Tue Mar 17 18:17:19.432635 2020] [ssl:warn] [pid 9628:tid 624] AH01909: www.example.com:443:0 server certificate does NOT include an ID which matches the server name
[Tue Mar 17 18:17:19.489340 2020] [ssl:warn] [pid 9628:tid 624] AH01909: www.example.com:443:0 server certificate does NOT include an ID which matches the server name
PHP Warning:  PHP Startup: Unable to load dynamic library 'pdo_sqlite' (tried: \\xampp\\php\\ext\\pdo_sqlite (No se puede encontrar el m\xc3\xb3dulo especificado.), \\xampp\\php\\ext\\php_pdo_sqlite.dll (No se puede encontrar el m\xc3\xb3dulo especificado.)) in Unknown on line 0
[Tue Mar 17 18:17:19.536931 2020] [mpm_winnt:notice] [pid 9628:tid 624] AH00455: Apache/2.4.41 (Win64) OpenSSL/1.1.1c PHP/7.4.3 configured -- resuming normal operations
[Tue Mar 17 18:17:19.536931 2020] [mpm_winnt:notice] [pid 9628:tid 624] AH00456: Apache Lounge VC15 Server built: Aug 11 2019 12:20:04
[Tue Mar 17 18:17:19.536931 2020] [core:notice] [pid 9628:tid 624] AH00094: Command line: 'D:\\xampp\\apache\\bin\\httpd.exe -d D:/xampp/apache'
[Tue Mar 17 18:17:19.546271 2020] [mpm_winnt:notice] [pid 9628:tid 624] AH00418: Parent: Created child process 3912
[Tue Mar 17 18:17:20.185348 2020] [ssl:warn] [pid 3912:tid 640] AH01909: www.example.com:443:0 server certificate does NOT include an ID which matches the server name
[Tue Mar 17 18:17:20.230924 2020] [ssl:warn] [pid 3912:tid 640] AH01909: www.example.com:443:0 server certificate does NOT include an ID which matches the server name
PHP Warning:  PHP Startup: Unable to load dynamic library 'pdo_sqlite' (tried: \\xampp\\php\\ext\\pdo_sqlite (No se puede encontrar el m\xc3\xb3dulo especificado.), \\xampp\\php\\ext\\php_pdo_sqlite.dll (No se puede encontrar el m\xc3\xb3dulo especificado.)) in Unknown on line 0
[Tue Mar 17 18:17:20.267546 2020] [mpm_winnt:notice] [pid 3912:tid 640] AH00354: Child: Starting 150 worker threads.
[Tue Mar 17 18:19:55.019488 2020] [ssl:warn] [pid 16396:tid 648] AH01909: www.example.com:443:0 server certificate does NOT include an ID which matches the server name
[Tue Mar 17 18:19:55.088871 2020] [ssl:warn] [pid 16396:tid 648] AH01909: www.example.com:443:0 server certificate does NOT include an ID which matches the server name
PHP Warning:  PHP Startup: Unable to load dynamic library 'pdo_sqlite' (tried: D:\\xampp\\php\\ext\\pdo_sqlite (No se puede encontrar el m\xc3\xb3dulo especificado.), D:\\xampp\\php\\ext\\php_pdo_sqlite.dll (No se puede encontrar el m\xc3\xb3dulo especificado.)) in Unknown on line 0
[Tue Mar 17 18:19:55.124479 2020] [mpm_winnt:notice] [pid 16396:tid 648] AH00455: Apache/2.4.41 (Win64) OpenSSL/1.1.1c PHP/7.4.3 configured -- resuming normal operations
[Tue Mar 17 18:19:55.124479 2020] [mpm_winnt:notice] [pid 16396:tid 648] AH00456: Apache Lounge VC15 Server built: Aug 11 2019 12:20:04
[Tue Mar 17 18:19:55.124479 2020] [core:notice] [pid 16396:tid 648] AH00094: Command line: 'd:\\xampp\\apache\\bin\\httpd.exe -d D:/xampp/apache'
[Tue Mar 17 18:19:55.134885 2020] [mpm_winnt:notice] [pid 16396:tid 648] AH00418: Parent: Created child process 18464
[Tue Mar 17 18:19:55.808368 2020] [ssl:warn] [pid 18464:tid 656] AH01909: www.example.com:443:0 server certificate does NOT include an ID which matches the server name
[Tue Mar 17 18:19:55.859246 2020] [ssl:warn] [pid 18464:tid 656] AH01909: www.example.com:443:0 server certificate does NOT include an ID which matches the server name
PHP Warning:  PHP Startup: Unable to load dynamic library 'pdo_sqlite' (tried: D:\\xampp\\php\\ext\\pdo_sqlite (No se puede encontrar el m\xc3\xb3dulo especificado.), D:\\xampp\\php\\ext\\php_pdo_sqlite.dll (No se puede encontrar el m\xc3\xb3dulo especificado.)) in Unknown on line 0
[Tue Mar 17 18:19:55.906155 2020] [mpm_winnt:notice] [pid 18464:tid 656] AH00354: Child: Starting 150 worker threads.
[Tue Mar 17 19:02:28.503278 2020] [ssl:warn] [pid 10140:tid 548] AH01909: www.example.com:443:0 server certificate does NOT include an ID which matches the server name
[Tue Mar 17 19:02:28.561786 2020] [core:warn] [pid 10140:tid 548] AH00098: pid file D:/xampp/apache/logs/httpd.pid overwritten -- Unclean shutdown of previous Apache run?
[Tue Mar 17 19:02:28.565873 2020] [ssl:warn] [pid 10140:tid 548] AH01909: www.example.com:443:0 server certificate does NOT include an ID which matches the server name
PHP Warning:  PHP Startup: Unable to load dynamic library 'pdo_sqlite' (tried: D:\\xampp\\php\\ext\\pdo_sqlite (No se puede encontrar el m\xc3\xb3dulo especificado.), D:\\xampp\\php\\ext\\php_pdo_sqlite.dll (No se puede encontrar el m\xc3\xb3dulo especificado.)) in Unknown on line 0
[Tue Mar 17 19:02:28.904757 2020] [mpm_winnt:notice] [pid 10140:tid 548] AH00455: Apache/2.4.41 (Win64) OpenSSL/1.1.1c PHP/7.4.3 configured -- resuming normal operations
[Tue Mar 17 19:02:28.904757 2020] [mpm_winnt:notice] [pid 10140:tid 548] AH00456: Apache Lounge VC15 Server built: Aug 11 2019 12:20:04
[Tue Mar 17 19:02:28.904757 2020] [core:notice] [pid 10140:tid 548] AH00094: Command line: 'd:\\xampp\\apache\\bin\\httpd.exe -d D:/xampp/apache'
[Tue Mar 17 19:02:28.915812 2020] [mpm_winnt:notice] [pid 10140:tid 548] AH00418: Parent: Created child process 14016
[Tue Mar 17 19:02:29.850567 2020] [ssl:warn] [pid 14016:tid 532] AH01909: www.example.com:443:0 server certificate does NOT include an ID which matches the server name
[Tue Mar 17 19:02:29.975556 2020] [ssl:warn] [pid 14016:tid 532] AH01909: www.example.com:443:0 server certificate does NOT include an ID which matches the server name
PHP Warning:  PHP Startup: Unable to load dynamic library 'pdo_sqlite' (tried: D:\\xampp\\php\\ext\\pdo_sqlite (No se puede encontrar el m\xc3\xb3dulo especificado.), D:\\xampp\\php\\ext\\php_pdo_sqlite.dll (No se puede encontrar el m\xc3\xb3dulo especificado.)) in Unknown on line 0
[Tue Mar 17 19:02:30.064096 2020] [mpm_winnt:notice] [pid 14016:tid 532] AH00354: Child: Starting 150 worker threads.
